Arguments: 
  /Users/ismaelrumzan/.nvm/versions/node/v17.7.2/bin/node /usr/local/bin/yarn init

PATH: 
  /Users/ismaelrumzan/.nvm/versions/node/v17.7.2/bin:/usr/local/opt/node@14/bin:/usr/local/opt/ruby@2.4/bin:/opt/local/bin:/opt/local/sbin:/Library/Frameworks/Python.framework/Versions/3.8/bin:/Volumes/ZulficarSSD120/mongodb-macos-x86_64-enterprise-4.2.0/bin:/usr/local/bin:/usr/bin:/bin:/usr/sbin:/sbin:/opt/X11/bin:/Applications/Postgres.app/Contents/Versions/latest/bin:/Users/ismaelrumzan/.nvm/versions/node/v17.7.2/bin:/usr/local/opt/node@14/bin:/usr/local/opt/ruby@2.4/bin:/opt/local/bin:/opt/local/sbin:/Library/Frameworks/Python.framework/Versions/3.8/bin:/Volumes/ZulficarSSD120/mongodb-macos-x86_64-enterprise-4.2.0/bin:/Volumes/ZulficarSSD120/Android//emulator:/Volumes/ZulficarSSD120/Android//tools:/Volumes/ZulficarSSD120/Android//tools/bin:/Volumes/ZulficarSSD120/Android//platform-tools:/Volumes/ZulficarSSD120/Android//emulator:/Volumes/ZulficarSSD120/Android//tools:/Volumes/ZulficarSSD120/Android//tools/bin:/Volumes/ZulficarSSD120/Android//platform-tools

Yarn version: 
  1.22.10

Node version: 
  17.7.2

Platform: 
  darwin x64

Trace: 
  Error: canceled
      at Interface.<anonymous> (/usr/local/lib/node_modules/yarn/lib/cli.js:136216:13)
      at Interface.emit (node:events:527:28)
      at Interface.[_ttyWrite] [as _ttyWrite] (node:internal/readline/interface:1117:18)
      at ReadStream.onkeypress (node:internal/readline/interface:269:20)
      at ReadStream.emit (node:events:527:28)
      at emitKeys (node:internal/readline/utils:358:14)
      at emitKeys.next (<anonymous>)
      at ReadStream.onData (node:internal/readline/emitKeypressEvents:64:36)
      at ReadStream.emit (node:events:527:28)
      at addChunk (node:internal/streams/readable:324:12)

npm manifest: 
  No manifest

yarn manifest: 
  No manifest

Lockfile: 
  No lockfile
